MAIN [0] [10] [2]
MOVE s0 HALLOCATE 4 
MOVE s1 HALLOCATE 4 
MOVE s2 Fac_Kums_ComputeFac 
HSTORE s1 0 s2 
HSTORE s0 0 s1 
MOVE s3 s0 
MOVE s4 10 
MOVE s5 0 
MOVE s6 PLUS s4 s5 
HLOAD s7 s3 0 
HLOAD t0 s7 0 
ASTORE SPILLEDARG 0 t0
ASTORE SPILLEDARG 1 t1
ASTORE SPILLEDARG 2 t2
ASTORE SPILLEDARG 3 t3
ASTORE SPILLEDARG 4 t4
ASTORE SPILLEDARG 5 t5
ASTORE SPILLEDARG 6 t6
ASTORE SPILLEDARG 7 t7
ASTORE SPILLEDARG 8 t8
ASTORE SPILLEDARG 9 t9
MOVE a0 s3
MOVE a1 s6
CALL t0 
ALOAD t0 SPILLEDARG 0
ALOAD t1 SPILLEDARG 1
ALOAD t2 SPILLEDARG 2
ALOAD t3 SPILLEDARG 3
ALOAD t4 SPILLEDARG 4
ALOAD t5 SPILLEDARG 5
ALOAD t6 SPILLEDARG 6
ALOAD t7 SPILLEDARG 7
ALOAD t8 SPILLEDARG 8
ALOAD t9 SPILLEDARG 9
MOVE t1 v0
PRINT t1 
END
// NOTSPILLED

Fac_Kums_ComputeFac [2] [18] [2]
ASTORE SPILLEDARG 0 s0
ASTORE SPILLEDARG 1 s1
ASTORE SPILLEDARG 2 s2
ASTORE SPILLEDARG 3 s3
ASTORE SPILLEDARG 4 s4
ASTORE SPILLEDARG 5 s5
ASTORE SPILLEDARG 6 s6
ASTORE SPILLEDARG 7 s7
MOVE s0 a0
MOVE s1 a1
MOVE s2 s1 
MOVE s3 1 
MOVE s4 LE s2 s3 
CJUMP s4 L0_Fac_Kums_ComputeFac
MOVE s5 s1 
MOVE s6 1 
MOVE s7 NE s5 s6 
CJUMP s7 L0_Fac_Kums_ComputeFac
MOVE t0 1 
JUMP L1_Fac_Kums_ComputeFac
L0_Fac_Kums_ComputeFac
NOOP
MOVE t0 0 
L1_Fac_Kums_ComputeFac
NOOP
CJUMP t0 L2_Fac_Kums_ComputeFac
MOVE t1 1 
MOVE t2 0 
MOVE t3 PLUS t1 t2 
MOVE t4 t3 
JUMP L3_Fac_Kums_ComputeFac
L2_Fac_Kums_ComputeFac
NOOP
MOVE t5 s1 
MOVE t6 s0 
MOVE t7 s1 
MOVE t8 1 
MOVE t9 MINUS t7 t8 
HLOAD s2 t6 0 
HLOAD s3 s2 0 
ASTORE SPILLEDARG 8 t0
ASTORE SPILLEDARG 9 t1
ASTORE SPILLEDARG 10 t2
ASTORE SPILLEDARG 11 t3
ASTORE SPILLEDARG 12 t4
ASTORE SPILLEDARG 13 t5
ASTORE SPILLEDARG 14 t6
ASTORE SPILLEDARG 15 t7
ASTORE SPILLEDARG 16 t8
ASTORE SPILLEDARG 17 t9
MOVE a0 t6
MOVE a1 t9
CALL s3 
ALOAD t0 SPILLEDARG 8
ALOAD t1 SPILLEDARG 9
ALOAD t2 SPILLEDARG 10
ALOAD t3 SPILLEDARG 11
ALOAD t4 SPILLEDARG 12
ALOAD t5 SPILLEDARG 13
ALOAD t6 SPILLEDARG 14
ALOAD t7 SPILLEDARG 15
ALOAD t8 SPILLEDARG 16
ALOAD t9 SPILLEDARG 17
MOVE s4 v0
MOVE s5 TIMES t5 s4 
MOVE t4 s5 
L3_Fac_Kums_ComputeFac
NOOP
MOVE s6 t4 
MOVE v0 s6 
ALOAD s0 SPILLEDARG 0
ALOAD s1 SPILLEDARG 1
ALOAD s2 SPILLEDARG 2
ALOAD s3 SPILLEDARG 3
ALOAD s4 SPILLEDARG 4
ALOAD s5 SPILLEDARG 5
ALOAD s6 SPILLEDARG 6
ALOAD s7 SPILLEDARG 7
END
// NOTSPILLED


